2025-06-11 09:05:16 - ERROR calling http://localhost:8880/scim/v2/Users: Response status code does not indicate success: 500 (Internal Server Error).
2025-06-11 09:05:16 - Failed to create user: jdoe
2025-06-11 09:05:16 - ERROR calling http://localhost:8880/scim/v2/Users: Response status code does not indicate success: 500 (Internal Server Error).
2025-06-11 09:05:16 - Failed to create user: asmith
2025-06-11 09:26:19 - ERROR calling http://localhost:8880/scim/v2/Users: Response status code does not indicate success: 500 (Internal Server Error).
2025-06-11 09:26:19 - Failed to create user: jdoe
2025-06-11 09:26:20 - ERROR calling http://localhost:8880/scim/v2/Users: Response status code does not indicate success: 500 (Internal Server Error).
2025-06-11 09:26:20 - Failed to create user: asmith
2025-06-11 09:41:08 - ERROR calling http://localhost:8880/scim/v2/Users: Response status code does not indicate success: 500 (Internal Server Error).
2025-06-11 09:41:09 - Failed to create user: jdoe
2025-06-11 09:41:09 - ERROR calling http://localhost:8880/scim/v2/Users: Response status code does not indicate success: 500 (Internal Server Error).
2025-06-11 09:41:09 - Failed to create user: asmith
2025-06-11 10:20:45 - ERROR calling http://localhost:8880/scim/v2/Users: Response status code does not indicate success: 500 (Internal Server Error).
2025-06-11 10:20:45 - Failed to create user: jdoe
2025-06-11 10:20:45 - ERROR calling http://localhost:8880/scim/v2/Users: Response status code does not indicate success: 500 (Internal Server Error).
2025-06-11 10:20:45 - Failed to create user: asmith
2025-06-11 10:23:12 - ERROR calling http://localhost:8880/scim/v2/Users: Response status code does not indicate success: 500 (Internal Server Error).
2025-06-11 10:23:12 - Failed to create user: jdoe
2025-06-11 10:23:12 - ERROR calling http://localhost:8880/scim/v2/Users: Response status code does not indicate success: 500 (Internal Server Error).
2025-06-11 10:23:12 - Failed to create user: asmith
2025-06-11 10:26:25 - ERROR calling http://localhost:8880/scim/v2/Users: Response status code does not indicate success: 500 (Internal Server Error).
2025-06-11 10:26:25 - Failed to create user: jdoe
2025-06-11 10:26:25 - ERROR calling http://localhost:8880/scim/v2/Users: Response status code does not indicate success: 500 (Internal Server Error).
2025-06-11 10:26:25 - Failed to create user: asmith
2025-06-11 10:30:34 - User jdoe created with ID: 479
2025-06-11 10:30:34 - Assigned jdoe to group: Engineering (simulated)
2025-06-11 10:30:35 - User asmith created with ID: 1599
2025-06-11 10:30:35 - Assigned asmith to group: Marketing (simulated)
